<?xml version="1.0" encoding="UTF-8"?>
<!-- Generated by org.testng.reporters.JUnitReportReporter -->
<testsuite skipped="0" hostname="DESKTOP-H5BUBJ6" name="com.syntax.class1.TestNgIntro" tests="4" failures="0" timestamp="2020-08-29T11:17:23 EDT" time="0.007" errors="0">
  <testcase name="testTwo" time="0.000" classname="com.syntax.class1.TestNgIntro"/>
  <system-out/>
  <testcase name="testThree" time="0.001" classname="com.syntax.class1.TestNgIntro"/>
  <system-out/>
  <testcase name="testFour" time="0.005" classname="com.syntax.class1.TestNgIntro"/>
  <system-out/>
  <testcase name="testOne" time="0.001" classname="com.syntax.class1.TestNgIntro"/>
  <system-out/>
</testsuite> <!-- com.syntax.class1.TestNgIntro -->
